1658761982201	mozrunner::runner	INFO	Running command: "/usr/bin/firefox" "-marionette" "-foreground" "-no-remote" "-profile" "/tmp/rust_mozprofile.hAsuqNZ8xSJE"
1658761984228	Marionette	INFO	Marionette enabled
1658761984237	Marionette	INFO	Listening on port 33147
1658761984475	RemoteAgent	WARN	TLS certificate errors will be ignored for this session
console.warn: SearchSettings: "get: No settings file exists, new profile?" (new NotFoundError("Could not open the file at /tmp/rust_mozprofile.hAsuqNZ8xSJE/search.json.mozlz4", (void 0)))
Missing chrome or resource URL: resource://gre/modules/UpdateListener.jsm
Missing chrome or resource URL: resource://gre/modules/UpdateListener.sys.mjs
ATTENTION: default value of option mesa_glthread overridden by environment.
JavaScript warning: https://static-exp1.licdn.com/sc/h/5x551rv91h1545imm4yjueanc, line 1: WEBGL_debug_renderer_info is deprecated in Firefox and will be removed. Please use RENDERER.
JavaScript warning: https://static-exp1.licdn.com/sc/h/5x551rv91h1545imm4yjueanc, line 1: WEBGL_debug_renderer_info is deprecated in Firefox and will be removed. Please use RENDERER.
console.warn: LoginRecipes: "getRecipes: falling back to a synchronous message for:" "https://www.linkedin.com"
console.warn: LoginRecipes: "getRecipes: falling back to a synchronous message for:" "https://www.linkedin.com"
JavaScript error: resource://gre/modules/LoginManagerParent.jsm, line 136: TypeError: gRecipeManager is null
JavaScript warning: https://static-exp1.licdn.com/sc/h/byr1ecf6ifoqiu9ejc679y5r8, line 6986: unreachable code after return statement
JavaScript warning: https://static-exp1.licdn.com/sc/h/byr1ecf6ifoqiu9ejc679y5r8, line 18945: unreachable code after return statement
JavaScript warning: https://static-exp1.licdn.com/sc/h/2oupstisxx5fepp7fn1xugn3l, line 6: unreachable code after return statement
JavaScript warning: https://static-exp1.licdn.com/sc/h/dze7ujjyi7wluhr91whkq4xj2, line 2288: unreachable code after return statement
JavaScript warning: https://static-exp1.licdn.com/sc/h/byr1ecf6ifoqiu9ejc679y5r8, line 18945: unreachable code after return statement
JavaScript warning: https://static-exp1.licdn.com/sc/h/7xxsdh9x0kmscbugcppjy1pu0, line 6: unreachable code after return statement
JavaScript warning: https://static-exp1.licdn.com/sc/h/cgsp4145i9px4tmpsueku5ief, line 39: unreachable code after return statement
JavaScript warning: https://static-exp1.licdn.com/sc/h/6puk8p41urdn4bwphamblovxj, line 39: unreachable code after return statement
JavaScript warning: https://static-exp1.licdn.com/sc/h/3zlmc610zrose9nskk21lmqxe, line 39: unreachable code after return statement
JavaScript warning: https://static-exp1.licdn.com/sc/h/a31cr715gwp274lwpld8euxip, line 6: unreachable code after return statement
